[12:01:23.717] [INFO] storybook v10.3.4
[12:01:24.087] [DEBUG] Getting package.json info for C:/Users/ing_r/OneDrive/Desktop/GitHub/edt-lib/package.json...
[12:01:24.089] [WARN] You are currently using Storybook [1m10.3.4[22m but you have packages which are incompatible with it:

- @storybook/addon-actions@8.6.14 which depends on ^8.6.14
 Repo: https://github.com/storybookjs/storybook/tree/next/code/addons/actions
- @storybook/addon-backgrounds@8.6.14 which depends on ^8.6.14
 Repo: https://github.com/storybookjs/storybook/tree/next/code/addons/backgrounds
- @storybook/addon-controls@8.6.14 which depends on ^8.6.14
 Repo: https://github.com/storybookjs/storybook/tree/next/code/addons/controls
- @storybook/addon-essentials@8.6.14 which depends on 8.6.14
 Repo: https://github.com/storybookjs/storybook/tree/next/code/addons/essentials
- @storybook/addon-interactions@8.6.14 which depends on 8.6.14
 Repo: https://github.com/storybookjs/storybook/tree/next/code/addons/interactions
- @storybook/testing-react@2.0.1 which depends on ^7.0.0-beta.0 || ^7.0.0-rc.0 || ^7.0.0

Please consider updating your packages or contacting the maintainers for compatibility details.

For more details on compatibility guidance, see:
https://github.com/storybookjs/storybook/issues/32836
[12:01:24.113] [ERROR] [38;2;241;97;97mSB_CORE-SERVER_0002 (CriticalPresetLoadError): Storybook failed to load the following preset: @storybook/react-vite/preset.

Please check whether your setup is correct, the Storybook dependencies (and their peer dependencies) are installed correctly and there are no package version clashes.

If you believe this is a bug, please open an issue on Github.

Error [ERR_MODULE_NOT_FOUND]: Cannot find package '@storybook/react-vite' imported from C:\Users\ing_r\AppData\Local\npm-cache\_npx\6fe9a9991b157df1\node_modules\storybook\dist\_node-chunks\chunk-QAXH75FV.js
    at Object.getPackageJSONURL (node:internal/modules/package_json_reader:301:9)
    at packageResolve (node:internal/modules/esm/resolve:768:81)
    at moduleResolve (node:internal/modules/esm/resolve:859:18)
    at defaultResolve (node:internal/modules/esm/resolve:991:11)
    at nextResolve (node:internal/modules/esm/hooks:785:28)
    at AsyncLoaderHooksOnLoaderHookWorker.resolve (node:internal/modules/esm/hooks:269:30)
    at MessagePort.handleMessage (node:internal/modules/esm/worker:251:24)
    at [nodejs.internal.kHybridDispatch] (node:internal/event_target:843:20)
    at MessagePort.<anonymous> (node:internal/per_context/messageport:23:28)

More info: 
[39m
    at loadPreset (file:///C:/Users/ing_r/AppData/Local/npm-cache/_npx/6fe9a9991b157df1/node_modules/storybook/dist/_node-chunks/chunk-3LP2BDDH.js:10081:13)
    at async Promise.all (index 0)
    at async loadPresets (file:///C:/Users/ing_r/AppData/Local/npm-cache/_npx/6fe9a9991b157df1/node_modules/storybook/dist/_node-chunks/chunk-3LP2BDDH.js:10090:73)
    at async getPresets (file:///C:/Users/ing_r/AppData/Local/npm-cache/_npx/6fe9a9991b157df1/node_modules/storybook/dist/_node-chunks/chunk-3LP2BDDH.js:10121:23)
    at async buildDevStandalone (file:///C:/Users/ing_r/AppData/Local/npm-cache/_npx/6fe9a9991b157df1/node_modules/storybook/dist/core-server/index.js:7967:52)
    at async withTelemetry (file:///C:/Users/ing_r/AppData/Local/npm-cache/_npx/6fe9a9991b157df1/node_modules/storybook/dist/_node-chunks/chunk-HUYNFPPD.js:225:12)
    at async dev (file:///C:/Users/ing_r/AppData/Local/npm-cache/_npx/6fe9a9991b157df1/node_modules/storybook/dist/bin/core.js:2736:3)
    at async _Command.<anonymous> (file:///C:/Users/ing_r/AppData/Local/npm-cache/_npx/6fe9a9991b157df1/node_modules/storybook/dist/bin/core.js:2806:92)
[12:01:24.116] [WARN] Broken build, fix the error above.
You may need to refresh the browser.
[12:01:24.121] [WARN]   Failed to load preset: {"name":"C:/Users/ing_r/OneDrive/Desktop/GitHub/edt-lib/node_modules/@storybook/addon-essentials/dist/preset.js"} on level 2
[12:01:24.122] [ERROR] [38;2;241;97;97mError: Cannot find module 'storybook/internal/common'
Require stack:
- .\node_modules\@storybook\addon-essentials\dist\preset.js[39m
    at Module._resolveFilename (node:internal/modules/cjs/loader:1456:15)
    at defaultResolveImpl (node:internal/modules/cjs/loader:1066:19)
    at resolveForCJSWithHooks (node:internal/modules/cjs/loader:1071:22)
    at Module._load (node:internal/modules/cjs/loader:1242:25)
    at wrapModuleLoad (node:internal/modules/cjs/loader:255:19)
    at Module.require (node:internal/modules/cjs/loader:1556:12)
    at require (node:internal/modules/helpers:152:16)
    at Object.<anonymous> (.\node_modules\@storybook\addon-essentials\dist\preset.js:4:14)
    at Module._compile (node:internal/modules/cjs/loader:1812:14)
    at Object..js (node:internal/modules/cjs/loader:1943:10)